2025-08-20T00:01:43+00:00 ERROR Error persisting Meta logs: Cannot create the API instance because the access token is missing. : []
2025-08-20T00:01:43+00:00 ERROR Error persisting Meta logs: Cannot create the API instance because the access token is missing. : []
2025-08-20T00:04:30+00:00 ERROR Error persisting Meta logs: Cannot create the API instance because the access token is missing. : []
2025-08-20T00:04:30+00:00 ERROR Error persisting Meta logs: Cannot create the API instance because the access token is missing. : []
2025-08-20T00:20:11+00:00 ERROR Error persisting Meta logs: Cannot create the API instance because the access token is missing. : []
2025-08-20T00:20:11+00:00 ERROR Error persisting Meta logs: Cannot create the API instance because the access token is missing. : []
2025-08-20T00:22:10+00:00 ERROR Error persisting Meta logs: Cannot create the API instance because the access token is missing. : []
2025-08-20T00:22:10+00:00 ERROR Error persisting Meta logs: Cannot create the API instance because the access token is missing. : []
2025-08-20T00:23:30+00:00 ERROR Error persisting Meta logs: Cannot create the API instance because the access token is missing. : []
2025-08-20T00:23:30+00:00 ERROR Error persisting Meta logs: Cannot create the API instance because the access token is missing. : []
2025-08-20T00:27:30+00:00 ERROR Error persisting Meta logs: Cannot create the API instance because the access token is missing. : []
2025-08-20T00:27:30+00:00 ERROR Error persisting Meta logs: Cannot create the API instance because the access token is missing. : []
2025-08-20T00:43:11+00:00 WARNING Product feed scheduling failed: Integration not configured. : {"flow_name":"product_feed","flow_step":"schedule_feed_generation"}
2025-08-20T00:43:11+00:00 ERROR Error persisting Meta logs: Cannot create the API instance because the access token is missing. : []
2025-08-20T00:43:11+00:00 ERROR Error persisting Meta logs: Cannot create the API instance because the access token is missing. : []
2025-08-20T00:50:13+00:00 ERROR Error persisting Meta logs: Cannot create the API instance because the access token is missing. : []
2025-08-20T00:50:13+00:00 ERROR Error persisting Meta logs: Cannot create the API instance because the access token is missing. : []
2025-08-20T00:51:39+00:00 ERROR Error persisting Meta logs: Cannot create the API instance because the access token is missing. : []
2025-08-20T00:51:39+00:00 ERROR Error persisting Meta logs: Cannot create the API instance because the access token is missing. : []
2025-08-20T00:54:24+00:00 ERROR Error persisting Meta logs: Cannot create the API instance because the access token is missing. : []
2025-08-20T00:54:24+00:00 ERROR Error persisting Meta logs: Cannot create the API instance because the access token is missing. : []
2025-08-20T00:57:37+00:00 ERROR Error persisting Meta logs: Cannot create the API instance because the access token is missing. : []
2025-08-20T00:57:37+00:00 ERROR Error persisting Meta logs: Cannot create the API instance because the access token is missing. : []
2025-08-20T01:09:24+00:00 ERROR Error persisting Meta logs: Cannot create the API instance because the access token is missing. : []
2025-08-20T01:09:24+00:00 ERROR Error persisting Meta logs: Cannot create the API instance because the access token is missing. : []
2025-08-20T01:10:56+00:00 ERROR Error persisting Meta logs: Cannot create the API instance because the access token is missing. : []
2025-08-20T01:10:56+00:00 ERROR Error persisting Meta logs: Cannot create the API instance because the access token is missing. : []
2025-08-20T01:18:51+00:00 ERROR Error persisting Meta logs: Cannot create the API instance because the access token is missing. : []
2025-08-20T01:18:51+00:00 ERROR Error persisting Meta logs: Cannot create the API instance because the access token is missing. : []
2025-08-20T01:24:26+00:00 ERROR Error persisting Meta logs: Cannot create the API instance because the access token is missing. : []
2025-08-20T01:24:26+00:00 ERROR Error persisting Meta logs: Cannot create the API instance because the access token is missing. : []
2025-08-20T01:25:29+00:00 ERROR Error persisting Meta logs: Cannot create the API instance because the access token is missing. : []
2025-08-20T01:25:29+00:00 ERROR Error persisting Meta logs: Cannot create the API instance because the access token is missing. : []
2025-08-20T01:28:41+00:00 ERROR Error persisting Meta logs: Cannot create the API instance because the access token is missing. : []
2025-08-20T01:28:41+00:00 ERROR Error persisting Meta logs: Cannot create the API instance because the access token is missing. : []
2025-08-20T01:44:36+00:00 ERROR Error persisting Meta logs: Cannot create the API instance because the access token is missing. : []
2025-08-20T01:44:36+00:00 ERROR Error persisting Meta logs: Cannot create the API instance because the access token is missing. : []
2025-08-20T01:53:24+00:00 ERROR Error persisting Meta logs: Cannot create the API instance because the access token is missing. : []
2025-08-20T01:53:24+00:00 ERROR Error persisting Meta logs: Cannot create the API instance because the access token is missing. : []
2025-08-20T01:54:34+00:00 ERROR Error persisting Meta logs: Cannot create the API instance because the access token is missing. : []
2025-08-20T01:54:34+00:00 ERROR Error persisting Meta logs: Cannot create the API instance because the access token is missing. : []
2025-08-20T01:59:51+00:00 ERROR Error persisting Meta logs: Cannot create the API instance because the access token is missing. : []
2025-08-20T01:59:51+00:00 ERROR Error persisting Meta logs: Cannot create the API instance because the access token is missing. : []
2025-08-20T02:23:32+00:00 ERROR Error persisting Meta logs: Cannot create the API instance because the access token is missing. : []
2025-08-20T02:23:32+00:00 ERROR Error persisting Meta logs: Cannot create the API instance because the access token is missing. : []
2025-08-20T02:24:29+00:00 ERROR Error persisting Meta logs: Cannot create the API instance because the access token is missing. : []
2025-08-20T02:24:29+00:00 ERROR Error persisting Meta logs: Cannot create the API instance because the access token is missing. : []
2025-08-20T02:37:13+00:00 ERROR Error persisting Meta logs: Cannot create the API instance because the access token is missing. : []
2025-08-20T02:37:13+00:00 ERROR Error persisting Meta logs: Cannot create the API instance because the access token is missing. : []
2025-08-20T02:37:13+00:00 WARNING Product feed scheduling failed: Integration not configured. : {"flow_name":"product_feed","flow_step":"schedule_feed_generation"}
2025-08-20T02:39:58+00:00 ERROR Error persisting Meta logs: Cannot create the API instance because the access token is missing. : []
2025-08-20T02:39:58+00:00 ERROR Error persisting Meta logs: Cannot create the API instance because the access token is missing. : []
2025-08-20T02:44:50+00:00 ERROR Error persisting Meta logs: Cannot create the API instance because the access token is missing. : []
2025-08-20T02:44:50+00:00 ERROR Error persisting Meta logs: Cannot create the API instance because the access token is missing. : []
2025-08-20T02:49:10+00:00 ERROR Error persisting Meta logs: Cannot create the API instance because the access token is missing. : []
2025-08-20T02:49:10+00:00 ERROR Error persisting Meta logs: Cannot create the API instance because the access token is missing. : []
2025-08-20T03:04:25+00:00 ERROR Error persisting Meta logs: Cannot create the API instance because the access token is missing. : []
2025-08-20T03:04:25+00:00 ERROR Error persisting Meta logs: Cannot create the API instance because the access token is missing. : []
2025-08-20T03:04:25+00:00 ERROR Error persisting Meta logs: Cannot create the API instance because the access token is missing. : []
2025-08-20T03:04:25+00:00 ERROR Error persisting Meta logs: Cannot create the API instance because the access token is missing. : []
2025-08-20T03:15:56+00:00 ERROR Error persisting Meta logs: Cannot create the API instance because the access token is missing. : []
2025-08-20T03:15:56+00:00 ERROR Error persisting Meta logs: Cannot create the API instance because the access token is missing. : []
2025-08-20T03:17:28+00:00 ERROR Error persisting Meta logs: Cannot create the API instance because the access token is missing. : []
2025-08-20T03:17:28+00:00 ERROR Error persisting Meta logs: Cannot create the API instance because the access token is missing. : []
2025-08-20T03:22:25+00:00 ERROR Error persisting Meta logs: Cannot create the API instance because the access token is missing. : []
2025-08-20T03:22:25+00:00 ERROR Error persisting Meta logs: Cannot create the API instance because the access token is missing. : []
2025-08-20T03:27:32+00:00 ERROR Error persisting Meta logs: Cannot create the API instance because the access token is missing. : []
2025-08-20T03:27:32+00:00 ERROR Error persisting Meta logs: Cannot create the API instance because the access token is missing. : []
2025-08-20T03:32:15+00:00 NOTICE There was an error trying sync products using the Catalog Batch API for job e83c50b0fc04ef31672b8741cf8a9c42: Cannot create the API instance because the access token is missing.
2025-08-20T03:32:16+00:00 ERROR Error persisting error logs: Cannot create the API instance because the access token is missing. : []
2025-08-20T03:32:16+00:00 ERROR Error persisting Meta logs: Cannot create the API instance because the access token is missing. : []
2025-08-20T03:32:16+00:00 ERROR Error persisting Meta logs: Cannot create the API instance because the access token is missing. : []
2025-08-20T03:32:16+00:00 ERROR Error persisting Meta logs: Cannot create the API instance because the access token is missing. : []
2025-08-20T03:32:16+00:00 ERROR Error persisting Meta logs: Cannot create the API instance because the access token is missing. : []
2025-08-20T03:32:21+00:00 ERROR Error persisting Meta logs: Cannot create the API instance because the access token is missing. : []
2025-08-20T03:32:21+00:00 ERROR Error persisting Meta logs: Cannot create the API instance because the access token is missing. : []
2025-08-20T03:42:52+00:00 ERROR Error persisting Meta logs: Cannot create the API instance because the access token is missing. : []
2025-08-20T03:42:52+00:00 ERROR Error persisting Meta logs: Cannot create the API instance because the access token is missing. : []
2025-08-20T03:46:29+00:00 ERROR Error persisting Meta logs: Cannot create the API instance because the access token is missing. : []
2025-08-20T03:46:29+00:00 ERROR Error persisting Meta logs: Cannot create the API instance because the access token is missing. : []
2025-08-20T03:48:51+00:00 ERROR Error persisting Meta logs: Cannot create the API instance because the access token is missing. : []
2025-08-20T03:48:51+00:00 ERROR Error persisting Meta logs: Cannot create the API instance because the access token is missing. : []
2025-08-20T03:55:19+00:00 ERROR Error persisting Meta logs: Cannot create the API instance because the access token is missing. : []
2025-08-20T03:55:19+00:00 ERROR Error persisting Meta logs: Cannot create the API instance because the access token is missing. : []
2025-08-20T04:00:28+00:00 ERROR Error persisting Meta logs: Cannot create the API instance because the access token is missing. : []
2025-08-20T04:00:28+00:00 ERROR Error persisting Meta logs: Cannot create the API instance because the access token is missing. : []
2025-08-20T04:02:50+00:00 ERROR Error persisting Meta logs: Cannot create the API instance because the access token is missing. : []
2025-08-20T04:02:50+00:00 ERROR Error persisting Meta logs: Cannot create the API instance because the access token is missing. : []
2025-08-20T04:08:53+00:00 ERROR Error persisting Meta logs: Cannot create the API instance because the access token is missing. : []
2025-08-20T04:08:53+00:00 ERROR Error persisting Meta logs: Cannot create the API instance because the access token is missing. : []
2025-08-20T04:18:36+00:00 ERROR Error persisting Meta logs: Cannot create the API instance because the access token is missing. : []
2025-08-20T04:18:36+00:00 ERROR Error persisting Meta logs: Cannot create the API instance because the access token is missing. : []
2025-08-20T04:23:29+00:00 ERROR Error persisting Meta logs: Cannot create the API instance because the access token is missing. : []
2025-08-20T04:23:29+00:00 ERROR Error persisting Meta logs: Cannot create the API instance because the access token is missing. : []
2025-08-20T04:24:29+00:00 ERROR Error persisting Meta logs: Cannot create the API instance because the access token is missing. : []
2025-08-20T04:24:29+00:00 ERROR Error persisting Meta logs: Cannot create the API instance because the access token is missing. : []
2025-08-20T04:37:10+00:00 ERROR Error persisting Meta logs: Cannot create the API instance because the access token is missing. : []
2025-08-20T04:37:10+00:00 ERROR Error persisting Meta logs: Cannot create the API instance because the access token is missing. : []
2025-08-20T04:37:10+00:00 WARNING Product feed scheduling failed: Integration not configured. : {"flow_name":"product_feed","flow_step":"schedule_feed_generation"}
2025-08-20T04:37:38+00:00 ERROR Error persisting Meta logs: Cannot create the API instance because the access token is missing. : []
2025-08-20T04:37:38+00:00 ERROR Error persisting Meta logs: Cannot create the API instance because the access token is missing. : []
2025-08-20T04:42:31+00:00 ERROR Error persisting Meta logs: Cannot create the API instance because the access token is missing. : []
2025-08-20T04:42:31+00:00 ERROR Error persisting Meta logs: Cannot create the API instance because the access token is missing. : []
2025-08-20T04:56:11+00:00 ERROR Error persisting Meta logs: Cannot create the API instance because the access token is missing. : []
2025-08-20T04:56:11+00:00 ERROR Error persisting Meta logs: Cannot create the API instance because the access token is missing. : []
2025-08-20T04:56:11+00:00 ERROR Error persisting Meta logs: Cannot create the API instance because the access token is missing. : []
2025-08-20T04:56:11+00:00 ERROR Error persisting Meta logs: Cannot create the API instance because the access token is missing. : []
2025-08-20T05:02:16+00:00 ERROR Error persisting Meta logs: Cannot create the API instance because the access token is missing. : []
2025-08-20T05:02:16+00:00 ERROR Error persisting Meta logs: Cannot create the API instance because the access token is missing. : []
2025-08-20T05:09:14+00:00 ERROR Error persisting Meta logs: Cannot create the API instance because the access token is missing. : []
2025-08-20T05:09:14+00:00 ERROR Error persisting Meta logs: Cannot create the API instance because the access token is missing. : []
2025-08-20T05:10:51+00:00 ERROR Error persisting Meta logs: Cannot create the API instance because the access token is missing. : []
2025-08-20T05:10:51+00:00 ERROR Error persisting Meta logs: Cannot create the API instance because the access token is missing. : []
2025-08-20T05:21:50+00:00 ERROR Error persisting Meta logs: Cannot create the API instance because the access token is missing. : []
2025-08-20T05:21:50+00:00 ERROR Error persisting Meta logs: Cannot create the API instance because the access token is missing. : []
2025-08-20T05:24:29+00:00 ERROR Error persisting Meta logs: Cannot create the API instance because the access token is missing. : []
2025-08-20T05:24:29+00:00 ERROR Error persisting Meta logs: Cannot create the API instance because the access token is missing. : []
2025-08-20T05:30:20+00:00 ERROR Error persisting Meta logs: Cannot create the API instance because the access token is missing. : []
2025-08-20T05:30:20+00:00 ERROR Error persisting Meta logs: Cannot create the API instance because the access token is missing. : []
2025-08-20T05:32:41+00:00 ERROR Error persisting Meta logs: Cannot create the API instance because the access token is missing. : []
2025-08-20T05:32:41+00:00 ERROR Error persisting Meta logs: Cannot create the API instance because the access token is missing. : []
2025-08-20T05:38:43+00:00 ERROR Error persisting Meta logs: Cannot create the API instance because the access token is missing. : []
2025-08-20T05:38:43+00:00 ERROR Error persisting Meta logs: Cannot create the API instance because the access token is missing. : []
2025-08-20T05:48:03+00:00 ERROR Error persisting Meta logs: Cannot create the API instance because the access token is missing. : []
2025-08-20T05:48:03+00:00 ERROR Error persisting Meta logs: Cannot create the API instance because the access token is missing. : []
2025-08-20T06:08:35+00:00 ERROR Error persisting Meta logs: Cannot create the API instance because the access token is missing. : []
2025-08-20T06:08:35+00:00 ERROR Error persisting Meta logs: Cannot create the API instance because the access token is missing. : []
2025-08-20T06:08:35+00:00 ERROR Error persisting Meta logs: Cannot create the API instance because the access token is missing. : []
2025-08-20T06:08:35+00:00 ERROR Error persisting Meta logs: Cannot create the API instance because the access token is missing. : []
2025-08-20T06:14:37+00:00 ERROR Error persisting Meta logs: Cannot create the API instance because the access token is missing. : []
2025-08-20T06:14:37+00:00 ERROR Error persisting Meta logs: Cannot create the API instance because the access token is missing. : []
2025-08-20T06:18:36+00:00 ERROR Error persisting Meta logs: Cannot create the API instance because the access token is missing. : []
2025-08-20T06:18:36+00:00 ERROR Error persisting Meta logs: Cannot create the API instance because the access token is missing. : []
2025-08-20T06:23:20+00:00 ERROR Error persisting Meta logs: Cannot create the API instance because the access token is missing. : []
2025-08-20T06:23:20+00:00 ERROR Error persisting Meta logs: Cannot create the API instance because the access token is missing. : []
2025-08-20T06:27:25+00:00 ERROR Error persisting Meta logs: Cannot create the API instance because the access token is missing. : []
2025-08-20T06:27:25+00:00 ERROR Error persisting Meta logs: Cannot create the API instance because the access token is missing. : []
2025-08-20T06:31:43+00:00 WARNING Product feed scheduling failed: Integration not configured. : {"flow_name":"product_feed","flow_step":"schedule_feed_generation"}
2025-08-20T06:32:47+00:00 ERROR Error persisting Meta logs: Cannot create the API instance because the access token is missing. : []
2025-08-20T06:32:47+00:00 ERROR Error persisting Meta logs: Cannot create the API instance because the access token is missing. : []
2025-08-20T06:37:22+00:00 ERROR Error persisting Meta logs: Cannot create the API instance because the access token is missing. : []
2025-08-20T06:37:22+00:00 ERROR Error persisting Meta logs: Cannot create the API instance because the access token is missing. : []
2025-08-20T06:42:35+00:00 ERROR Error persisting Meta logs: Cannot create the API instance because the access token is missing. : []
2025-08-20T06:42:35+00:00 ERROR Error persisting Meta logs: Cannot create the API instance because the access token is missing. : []
2025-08-20T06:47:52+00:00 ERROR Error persisting Meta logs: Cannot create the API instance because the access token is missing. : []
2025-08-20T06:47:52+00:00 ERROR Error persisting Meta logs: Cannot create the API instance because the access token is missing. : []
2025-08-20T06:56:25+00:00 ERROR Error persisting Meta logs: Cannot create the API instance because the access token is missing. : []
2025-08-20T06:56:25+00:00 ERROR Error persisting Meta logs: Cannot create the API instance because the access token is missing. : []
2025-08-20T06:57:27+00:00 ERROR Error persisting Meta logs: Cannot create the API instance because the access token is missing. : []
2025-08-20T06:57:27+00:00 ERROR Error persisting Meta logs: Cannot create the API instance because the access token is missing. : []
2025-08-20T07:02:46+00:00 ERROR Error persisting Meta logs: Cannot create the API instance because the access token is missing. : []
2025-08-20T07:02:46+00:00 ERROR Error persisting Meta logs: Cannot create the API instance because the access token is missing. : []
2025-08-20T07:07:32+00:00 ERROR Error persisting Meta logs: Cannot create the API instance because the access token is missing. : []
2025-08-20T07:07:32+00:00 ERROR Error persisting Meta logs: Cannot create the API instance because the access token is missing. : []
2025-08-20T07:12:38+00:00 ERROR Error persisting Meta logs: Cannot create the API instance because the access token is missing. : []
2025-08-20T07:12:38+00:00 ERROR Error persisting Meta logs: Cannot create the API instance because the access token is missing. : []
2025-08-20T07:17:22+00:00 ERROR Error persisting Meta logs: Cannot create the API instance because the access token is missing. : []
2025-08-20T07:17:22+00:00 ERROR Error persisting Meta logs: Cannot create the API instance because the access token is missing. : []
2025-08-20T07:23:49+00:00 ERROR Error persisting Meta logs: Cannot create the API instance because the access token is missing. : []
2025-08-20T07:23:49+00:00 ERROR Error persisting Meta logs: Cannot create the API instance because the access token is missing. : []
2025-08-20T07:31:56+00:00 ERROR Error persisting Meta logs: Cannot create the API instance because the access token is missing. : []
2025-08-20T07:31:56+00:00 ERROR Error persisting Meta logs: Cannot create the API instance because the access token is missing. : []
2025-08-20T07:33:22+00:00 WARNING Product feed scheduling failed: Integration not configured. : {"flow_name":"product_feed","flow_step":"schedule_feed_generation"}
2025-08-20T07:33:22+00:00 ERROR Error persisting error logs: Cannot create the API instance because the access token is missing. : []
2025-08-20T07:33:22+00:00 ERROR Error persisting Meta logs: Cannot create the API instance because the access token is missing. : []
2025-08-20T07:33:22+00:00 ERROR Error persisting Meta logs: Cannot create the API instance because the access token is missing. : []
2025-08-20T07:39:37+00:00 ERROR Error persisting Meta logs: Cannot create the API instance because the access token is missing. : []
2025-08-20T07:39:37+00:00 ERROR Error persisting Meta logs: Cannot create the API instance because the access token is missing. : []
2025-08-20T07:43:36+00:00 ERROR Error persisting Meta logs: Cannot create the API instance because the access token is missing. : []
2025-08-20T07:43:36+00:00 ERROR Error persisting Meta logs: Cannot create the API instance because the access token is missing. : []
2025-08-20T07:55:26+00:00 ERROR Error persisting Meta logs: Cannot create the API instance because the access token is missing. : []
2025-08-20T07:55:26+00:00 ERROR Error persisting Meta logs: Cannot create the API instance because the access token is missing. : []
2025-08-20T08:00:34+00:00 ERROR Error persisting Meta logs: Cannot create the API instance because the access token is missing. : []
2025-08-20T08:00:34+00:00 ERROR Error persisting Meta logs: Cannot create the API instance because the access token is missing. : []
2025-08-20T08:11:07+00:00 ERROR Error persisting Meta logs: Cannot create the API instance because the access token is missing. : []
2025-08-20T08:11:07+00:00 ERROR Error persisting Meta logs: Cannot create the API instance because the access token is missing. : []
2025-08-20T08:12:17+00:00 ERROR Error persisting Meta logs: Cannot create the API instance because the access token is missing. : []
2025-08-20T08:12:17+00:00 ERROR Error persisting Meta logs: Cannot create the API instance because the access token is missing. : []
2025-08-20T08:17:35+00:00 ERROR Error persisting Meta logs: Cannot create the API instance because the access token is missing. : []
2025-08-20T08:17:35+00:00 ERROR Error persisting Meta logs: Cannot create the API instance because the access token is missing. : []
2025-08-20T08:22:39+00:00 ERROR Error persisting Meta logs: Cannot create the API instance because the access token is missing. : []
2025-08-20T08:22:39+00:00 ERROR Error persisting Meta logs: Cannot create the API instance because the access token is missing. : []
2025-08-20T08:27:12+00:00 ERROR Error persisting Meta logs: Cannot create the API instance because the access token is missing. : []
2025-08-20T08:27:12+00:00 ERROR Error persisting Meta logs: Cannot create the API instance because the access token is missing. : []
2025-08-20T08:33:08+00:00 ERROR Error persisting Meta logs: Cannot create the API instance because the access token is missing. : []
2025-08-20T08:33:08+00:00 ERROR Error persisting Meta logs: Cannot create the API instance because the access token is missing. : []
2025-08-20T08:38:33+00:00 ERROR Error persisting Meta logs: Cannot create the API instance because the access token is missing. : []
2025-08-20T08:38:33+00:00 ERROR Error persisting Meta logs: Cannot create the API instance because the access token is missing. : []
2025-08-20T08:44:35+00:00 ERROR Error persisting Meta logs: Cannot create the API instance because the access token is missing. : []
2025-08-20T08:44:35+00:00 ERROR Error persisting Meta logs: Cannot create the API instance because the access token is missing. : []
2025-08-20T09:01:28+00:00 ERROR Error persisting Meta logs: Cannot create the API instance because the access token is missing. : []
2025-08-20T09:01:28+00:00 ERROR Error persisting Meta logs: Cannot create the API instance because the access token is missing. : []
2025-08-20T09:06:15+00:00 ERROR Error persisting Meta logs: Cannot create the API instance because the access token is missing. : []
2025-08-20T09:06:15+00:00 ERROR Error persisting Meta logs: Cannot create the API instance because the access token is missing. : []
2025-08-20T09:06:15+00:00 ERROR Error persisting Meta logs: Cannot create the API instance because the access token is missing. : []
2025-08-20T09:06:15+00:00 ERROR Error persisting Meta logs: Cannot create the API instance because the access token is missing. : []
2025-08-20T09:19:26+00:00 ERROR Error persisting Meta logs: Cannot create the API instance because the access token is missing. : []
2025-08-20T09:19:26+00:00 ERROR Error persisting Meta logs: Cannot create the API instance because the access token is missing. : []
2025-08-20T09:21:07+00:00 ERROR Error persisting Meta logs: Cannot create the API instance because the access token is missing. : []
2025-08-20T09:21:07+00:00 ERROR Error persisting Meta logs: Cannot create the API instance because the access token is missing. : []
2025-08-20T09:25:30+00:00 ERROR Error persisting Meta logs: Cannot create the API instance because the access token is missing. : []
2025-08-20T09:25:30+00:00 ERROR Error persisting Meta logs: Cannot create the API instance because the access token is missing. : []
2025-08-20T09:35:40+00:00 ERROR Error persisting Meta logs: Cannot create the API instance because the access token is missing. : []
2025-08-20T09:35:40+00:00 ERROR Error persisting Meta logs: Cannot create the API instance because the access token is missing. : []
2025-08-20T09:38:43+00:00 WARNING Product feed scheduling failed: Integration not configured. : {"flow_name":"product_feed","flow_step":"schedule_feed_generation"}
2025-08-20T09:38:43+00:00 ERROR Error persisting Meta logs: Cannot create the API instance because the access token is missing. : []
2025-08-20T09:38:43+00:00 ERROR Error persisting Meta logs: Cannot create the API instance because the access token is missing. : []
2025-08-20T09:40:29+00:00 ERROR Error persisting Meta logs: Cannot create the API instance because the access token is missing. : []
2025-08-20T09:40:29+00:00 ERROR Error persisting Meta logs: Cannot create the API instance because the access token is missing. : []
2025-08-20T09:43:26+00:00 ERROR Error persisting Meta logs: Cannot create the API instance because the access token is missing. : []
2025-08-20T09:43:26+00:00 ERROR Error persisting Meta logs: Cannot create the API instance because the access token is missing. : []
2025-08-20T10:02:35+00:00 ERROR Error persisting Meta logs: Cannot create the API instance because the access token is missing. : []
2025-08-20T10:02:35+00:00 ERROR Error persisting Meta logs: Cannot create the API instance because the access token is missing. : []
2025-08-20T10:03:49+00:00 ERROR Error persisting Meta logs: Cannot create the API instance because the access token is missing. : []
2025-08-20T10:03:49+00:00 ERROR Error persisting Meta logs: Cannot create the API instance because the access token is missing. : []
2025-08-20T10:14:07+00:00 ERROR Error persisting Meta logs: Cannot create the API instance because the access token is missing. : []
2025-08-20T10:14:07+00:00 ERROR Error persisting Meta logs: Cannot create the API instance because the access token is missing. : []
2025-08-20T10:21:21+00:00 ERROR Error persisting Meta logs: Cannot create the API instance because the access token is missing. : []
2025-08-20T10:21:21+00:00 ERROR Error persisting Meta logs: Cannot create the API instance because the access token is missing. : []
2025-08-20T10:23:29+00:00 ERROR Error persisting Meta logs: Cannot create the API instance because the access token is missing. : []
2025-08-20T10:23:29+00:00 ERROR Error persisting Meta logs: Cannot create the API instance because the access token is missing. : []
2025-08-20T10:29:13+00:00 ERROR Error persisting Meta logs: Cannot create the API instance because the access token is missing. : []
2025-08-20T10:29:13+00:00 ERROR Error persisting Meta logs: Cannot create the API instance because the access token is missing. : []
2025-08-20T10:33:39+00:00 ERROR Error persisting error logs: Cannot create the API instance because the access token is missing. : []
2025-08-20T10:33:39+00:00 ERROR Error persisting Meta logs: Cannot create the API instance because the access token is missing. : []
2025-08-20T10:33:39+00:00 ERROR Error persisting Meta logs: Cannot create the API instance because the access token is missing. : []
2025-08-20T10:39:25+00:00 ERROR Error persisting Meta logs: Cannot create the API instance because the access token is missing. : []
2025-08-20T10:39:25+00:00 ERROR Error persisting Meta logs: Cannot create the API instance because the access token is missing. : []
2025-08-20T10:42:10+00:00 ERROR Error persisting Meta logs: Cannot create the API instance because the access token is missing. : []
2025-08-20T10:42:10+00:00 ERROR Error persisting Meta logs: Cannot create the API instance because the access token is missing. : []
2025-08-20T10:42:32+00:00 NOTICE There was an error trying sync products using the Catalog Batch API for job ca6af650dfaa0f37c9f52b38ef80984f: Cannot create the API instance because the access token is missing.
2025-08-20T10:48:19+00:00 ERROR Error persisting Meta logs: Cannot create the API instance because the access token is missing. : []
2025-08-20T10:48:19+00:00 ERROR Error persisting Meta logs: Cannot create the API instance because the access token is missing. : []
2025-08-20T10:52:45+00:00 ERROR Error persisting Meta logs: Cannot create the API instance because the access token is missing. : []
2025-08-20T10:52:45+00:00 ERROR Error persisting Meta logs: Cannot create the API instance because the access token is missing. : []
2025-08-20T10:58:47+00:00 ERROR Error persisting Meta logs: Cannot create the API instance because the access token is missing. : []
2025-08-20T10:58:47+00:00 ERROR Error persisting Meta logs: Cannot create the API instance because the access token is missing. : []
2025-08-20T11:02:49+00:00 ERROR Error persisting Meta logs: Cannot create the API instance because the access token is missing. : []
2025-08-20T11:02:49+00:00 ERROR Error persisting Meta logs: Cannot create the API instance because the access token is missing. : []
2025-08-20T11:07:44+00:00 ERROR Error persisting Meta logs: Cannot create the API instance because the access token is missing. : []
2025-08-20T11:07:44+00:00 ERROR Error persisting Meta logs: Cannot create the API instance because the access token is missing. : []
2025-08-20T11:12:46+00:00 ERROR Error persisting Meta logs: Cannot create the API instance because the access token is missing. : []
2025-08-20T11:12:46+00:00 ERROR Error persisting Meta logs: Cannot create the API instance because the access token is missing. : []
2025-08-20T11:17:03+00:00 ERROR Error persisting Meta logs: Cannot create the API instance because the access token is missing. : []
2025-08-20T11:17:03+00:00 ERROR Error persisting Meta logs: Cannot create the API instance because the access token is missing. : []
2025-08-20T11:23:48+00:00 ERROR Error persisting Meta logs: Cannot create the API instance because the access token is missing. : []
2025-08-20T11:23:48+00:00 ERROR Error persisting Meta logs: Cannot create the API instance because the access token is missing. : []
2025-08-20T11:31:24+00:00 ERROR Error persisting Meta logs: Cannot create the API instance because the access token is missing. : []
2025-08-20T11:31:24+00:00 ERROR Error persisting Meta logs: Cannot create the API instance because the access token is missing. : []
2025-08-20T11:36:35+00:00 WARNING Product feed scheduling failed: Integration not configured. : {"flow_name":"product_feed","flow_step":"schedule_feed_generation"}
2025-08-20T11:39:32+00:00 ERROR Error persisting Meta logs: Cannot create the API instance because the access token is missing. : []
2025-08-20T11:39:32+00:00 ERROR Error persisting Meta logs: Cannot create the API instance because the access token is missing. : []
2025-08-20T11:39:32+00:00 ERROR Error persisting Meta logs: Cannot create the API instance because the access token is missing. : []
2025-08-20T11:39:32+00:00 ERROR Error persisting Meta logs: Cannot create the API instance because the access token is missing. : []
2025-08-20T11:43:22+00:00 ERROR Error persisting Meta logs: Cannot create the API instance because the access token is missing. : []
2025-08-20T11:43:22+00:00 ERROR Error persisting Meta logs: Cannot create the API instance because the access token is missing. : []
2025-08-20T11:47:45+00:00 ERROR Error persisting Meta logs: Cannot create the API instance because the access token is missing. : []
2025-08-20T11:47:45+00:00 ERROR Error persisting Meta logs: Cannot create the API instance because the access token is missing. : []
2025-08-20T11:54:18+00:00 ERROR Error persisting Meta logs: Cannot create the API instance because the access token is missing. : []
2025-08-20T11:54:18+00:00 ERROR Error persisting Meta logs: Cannot create the API instance because the access token is missing. : []
2025-08-20T11:58:18+00:00 ERROR Error persisting Meta logs: Cannot create the API instance because the access token is missing. : []
2025-08-20T11:58:18+00:00 ERROR Error persisting Meta logs: Cannot create the API instance because the access token is missing. : []
2025-08-20T12:02:53+00:00 ERROR Error persisting Meta logs: Cannot create the API instance because the access token is missing. : []
2025-08-20T12:02:53+00:00 ERROR Error persisting Meta logs: Cannot create the API instance because the access token is missing. : []
2025-08-20T12:08:27+00:00 ERROR Error persisting Meta logs: Cannot create the API instance because the access token is missing. : []
2025-08-20T12:08:27+00:00 ERROR Error persisting Meta logs: Cannot create the API instance because the access token is missing. : []
2025-08-20T12:13:35+00:00 ERROR Error persisting Meta logs: Cannot create the API instance because the access token is missing. : []
2025-08-20T12:13:35+00:00 ERROR Error persisting Meta logs: Cannot create the API instance because the access token is missing. : []
2025-08-20T12:17:41+00:00 ERROR Error persisting Meta logs: Cannot create the API instance because the access token is missing. : []
2025-08-20T12:17:41+00:00 ERROR Error persisting Meta logs: Cannot create the API instance because the access token is missing. : []
2025-08-20T12:23:29+00:00 ERROR Error persisting Meta logs: Cannot create the API instance because the access token is missing. : []
2025-08-20T12:23:29+00:00 ERROR Error persisting Meta logs: Cannot create the API instance because the access token is missing. : []
2025-08-20T12:28:23+00:00 ERROR Error persisting Meta logs: Cannot create the API instance because the access token is missing. : []
2025-08-20T12:28:23+00:00 ERROR Error persisting Meta logs: Cannot create the API instance because the access token is missing. : []
2025-08-20T12:32:42+00:00 ERROR Error persisting Meta logs: Cannot create the API instance because the access token is missing. : []
2025-08-20T12:32:42+00:00 ERROR Error persisting Meta logs: Cannot create the API instance because the access token is missing. : []
2025-08-20T12:37:58+00:00 ERROR Error persisting Meta logs: Cannot create the API instance because the access token is missing. : []
2025-08-20T12:37:58+00:00 ERROR Error persisting Meta logs: Cannot create the API instance because the access token is missing. : []
2025-08-20T12:47:44+00:00 ERROR Error persisting Meta logs: Cannot create the API instance because the access token is missing. : []
2025-08-20T12:47:44+00:00 ERROR Error persisting Meta logs: Cannot create the API instance because the access token is missing. : []
2025-08-20T12:49:13+00:00 ERROR Error persisting Meta logs: Cannot create the API instance because the access token is missing. : []
2025-08-20T12:49:13+00:00 ERROR Error persisting Meta logs: Cannot create the API instance because the access token is missing. : []
2025-08-20T12:54:54+00:00 ERROR Error persisting Meta logs: Cannot create the API instance because the access token is missing. : []
2025-08-20T12:54:54+00:00 ERROR Error persisting Meta logs: Cannot create the API instance because the access token is missing. : []
2025-08-20T13:00:49+00:00 ERROR Error persisting Meta logs: Cannot create the API instance because the access token is missing. : []
2025-08-20T13:00:49+00:00 ERROR Error persisting Meta logs: Cannot create the API instance because the access token is missing. : []
2025-08-20T13:03:59+00:00 ERROR Error persisting Meta logs: Cannot create the API instance because the access token is missing. : []
2025-08-20T13:03:59+00:00 ERROR Error persisting Meta logs: Cannot create the API instance because the access token is missing. : []
2025-08-20T13:08:32+00:00 ERROR Error persisting Meta logs: Cannot create the API instance because the access token is missing. : []
2025-08-20T13:08:32+00:00 ERROR Error persisting Meta logs: Cannot create the API instance because the access token is missing. : []
2025-08-20T13:13:36+00:00 ERROR Error persisting Meta logs: Cannot create the API instance because the access token is missing. : []
2025-08-20T13:13:36+00:00 ERROR Error persisting Meta logs: Cannot create the API instance because the access token is missing. : []
2025-08-20T13:17:26+00:00 ERROR Error persisting Meta logs: Cannot create the API instance because the access token is missing. : []
2025-08-20T13:17:26+00:00 ERROR Error persisting Meta logs: Cannot create the API instance because the access token is missing. : []
2025-08-20T13:25:29+00:00 ERROR Error persisting Meta logs: Cannot create the API instance because the access token is missing. : []
2025-08-20T13:25:29+00:00 ERROR Error persisting Meta logs: Cannot create the API instance because the access token is missing. : []
2025-08-20T13:30:44+00:00 ERROR Error persisting Meta logs: Cannot create the API instance because the access token is missing. : []
2025-08-20T13:30:44+00:00 ERROR Error persisting Meta logs: Cannot create the API instance because the access token is missing. : []
2025-08-20T13:36:17+00:00 WARNING Product feed scheduling failed: Integration not configured. : {"flow_name":"product_feed","flow_step":"schedule_feed_generation"}
2025-08-20T13:36:17+00:00 ERROR Error persisting error logs: Cannot create the API instance because the access token is missing. : []
2025-08-20T13:36:28+00:00 ERROR Error persisting Meta logs: Cannot create the API instance because the access token is missing. : []
2025-08-20T13:36:28+00:00 ERROR Error persisting Meta logs: Cannot create the API instance because the access token is missing. : []
2025-08-20T13:39:15+00:00 ERROR Error persisting Meta logs: Cannot create the API instance because the access token is missing. : []
2025-08-20T13:39:15+00:00 ERROR Error persisting Meta logs: Cannot create the API instance because the access token is missing. : []
2025-08-20T13:45:35+00:00 ERROR Error persisting Meta logs: Cannot create the API instance because the access token is missing. : []
2025-08-20T13:45:35+00:00 ERROR Error persisting Meta logs: Cannot create the API instance because the access token is missing. : []
2025-08-20T14:11:29+00:00 ERROR Error persisting Meta logs: Cannot create the API instance because the access token is missing. : []
2025-08-20T14:11:29+00:00 ERROR Error persisting Meta logs: Cannot create the API instance because the access token is missing. : []
2025-08-20T14:23:32+00:00 ERROR Error persisting Meta logs: Cannot create the API instance because the access token is missing. : []
2025-08-20T14:23:32+00:00 ERROR Error persisting Meta logs: Cannot create the API instance because the access token is missing. : []
2025-08-20T14:23:32+00:00 ERROR Error persisting Meta logs: Cannot create the API instance because the access token is missing. : []
2025-08-20T14:23:32+00:00 ERROR Error persisting Meta logs: Cannot create the API instance because the access token is missing. : []
2025-08-20T14:33:08+00:00 ERROR Error persisting Meta logs: Cannot create the API instance because the access token is missing. : []
2025-08-20T14:33:08+00:00 ERROR Error persisting Meta logs: Cannot create the API instance because the access token is missing. : []
2025-08-20T14:38:53+00:00 NOTICE Unable to detect valid feed configuration: No catalog ID
2025-08-20T14:38:53+00:00 WARNING Product feed scheduling failed: Integration not configured. : {"flow_name":"product_feed","flow_step":"schedule_feed_generation"}
2025-08-20T14:38:53+00:00 ERROR Error persisting Meta logs: Cannot create the API instance because the access token is missing. : []
2025-08-20T14:38:53+00:00 ERROR Error persisting Meta logs: Cannot create the API instance because the access token is missing. : []
2025-08-20T14:43:36+00:00 ERROR Error persisting Meta logs: Cannot create the API instance because the access token is missing. : []
2025-08-20T14:43:36+00:00 ERROR Error persisting Meta logs: Cannot create the API instance because the access token is missing. : []
2025-08-20T14:45:48+00:00 ERROR Error persisting Meta logs: Cannot create the API instance because the access token is missing. : []
2025-08-20T14:45:48+00:00 ERROR Error persisting Meta logs: Cannot create the API instance because the access token is missing. : []
2025-08-20T14:48:44+00:00 ERROR Error persisting Meta logs: Cannot create the API instance because the access token is missing. : []
2025-08-20T14:48:44+00:00 ERROR Error persisting Meta logs: Cannot create the API instance because the access token is missing. : []
2025-08-20T15:01:36+00:00 ERROR Error persisting Meta logs: Cannot create the API instance because the access token is missing. : []
2025-08-20T15:01:36+00:00 ERROR Error persisting Meta logs: Cannot create the API instance because the access token is missing. : []
2025-08-20T15:05:13+00:00 ERROR Error persisting Meta logs: Cannot create the API instance because the access token is missing. : []
2025-08-20T15:05:13+00:00 ERROR Error persisting Meta logs: Cannot create the API instance because the access token is missing. : []
2025-08-20T15:05:13+00:00 ERROR Error persisting Meta logs: Cannot create the API instance because the access token is missing. : []
2025-08-20T15:05:13+00:00 ERROR Error persisting Meta logs: Cannot create the API instance because the access token is missing. : []
2025-08-20T15:10:17+00:00 ERROR Error persisting Meta logs: Cannot create the API instance because the access token is missing. : []
2025-08-20T15:10:17+00:00 ERROR Error persisting Meta logs: Cannot create the API instance because the access token is missing. : []
2025-08-20T15:17:09+00:00 ERROR Error persisting Meta logs: Cannot create the API instance because the access token is missing. : []
2025-08-20T15:17:09+00:00 ERROR Error persisting Meta logs: Cannot create the API instance because the access token is missing. : []
2025-08-20T15:24:32+00:00 ERROR Error persisting Meta logs: Cannot create the API instance because the access token is missing. : []
2025-08-20T15:24:32+00:00 ERROR Error persisting Meta logs: Cannot create the API instance because the access token is missing. : []
2025-08-20T15:25:29+00:00 ERROR Error persisting Meta logs: Cannot create the API instance because the access token is missing. : []
2025-08-20T15:25:29+00:00 ERROR Error persisting Meta logs: Cannot create the API instance because the access token is missing. : []
2025-08-20T15:30:10+00:00 ERROR Error persisting Meta logs: Cannot create the API instance because the access token is missing. : []
2025-08-20T15:30:10+00:00 ERROR Error persisting Meta logs: Cannot create the API instance because the access token is missing. : []
2025-08-20T15:34:08+00:00 ERROR Error persisting Meta logs: Cannot create the API instance because the access token is missing. : []
2025-08-20T15:34:08+00:00 ERROR Error persisting Meta logs: Cannot create the API instance because the access token is missing. : []
2025-08-20T15:44:47+00:00 ERROR Error persisting Meta logs: Cannot create the API instance because the access token is missing. : []
2025-08-20T15:44:47+00:00 ERROR Error persisting Meta logs: Cannot create the API instance because the access token is missing. : []
2025-08-20T15:47:30+00:00 ERROR Error persisting Meta logs: Cannot create the API instance because the access token is missing. : []
2025-08-20T15:47:30+00:00 ERROR Error persisting Meta logs: Cannot create the API instance because the access token is missing. : []
2025-08-20T15:55:23+00:00 ERROR Error persisting Meta logs: Cannot create the API instance because the access token is missing. : []
2025-08-20T15:55:23+00:00 ERROR Error persisting Meta logs: Cannot create the API instance because the access token is missing. : []
2025-08-20T16:02:46+00:00 ERROR Error persisting Meta logs: Cannot create the API instance because the access token is missing. : []
2025-08-20T16:02:46+00:00 ERROR Error persisting Meta logs: Cannot create the API instance because the access token is missing. : []
2025-08-20T16:04:53+00:00 ERROR Error persisting Meta logs: Cannot create the API instance because the access token is missing. : []
2025-08-20T16:04:53+00:00 ERROR Error persisting Meta logs: Cannot create the API instance because the access token is missing. : []
2025-08-20T16:13:07+00:00 ERROR Error persisting Meta logs: Cannot create the API instance because the access token is missing. : []
2025-08-20T16:13:07+00:00 ERROR Error persisting Meta logs: Cannot create the API instance because the access token is missing. : []
2025-08-20T16:16:20+00:00 ERROR Error persisting Meta logs: Cannot create the API instance because the access token is missing. : []
2025-08-20T16:16:20+00:00 ERROR Error persisting Meta logs: Cannot create the API instance because the access token is missing. : []
2025-08-20T16:19:34+00:00 ERROR Error persisting Meta logs: Cannot create the API instance because the access token is missing. : []
2025-08-20T16:19:34+00:00 ERROR Error persisting Meta logs: Cannot create the API instance because the access token is missing. : []
2025-08-20T16:24:33+00:00 ERROR Error persisting Meta logs: Cannot create the API instance because the access token is missing. : []
2025-08-20T16:24:33+00:00 ERROR Error persisting Meta logs: Cannot create the API instance because the access token is missing. : []
2025-08-20T16:33:54+00:00 ERROR Error persisting Meta logs: Cannot create the API instance because the access token is missing. : []
2025-08-20T16:33:54+00:00 ERROR Error persisting Meta logs: Cannot create the API instance because the access token is missing. : []
2025-08-20T16:35:30+00:00 WARNING Product feed scheduling failed: Integration not configured. : {"flow_name":"product_feed","flow_step":"schedule_feed_generation"}
2025-08-20T16:35:30+00:00 ERROR Error persisting Meta logs: Cannot create the API instance because the access token is missing. : []
2025-08-20T16:35:30+00:00 ERROR Error persisting Meta logs: Cannot create the API instance because the access token is missing. : []
2025-08-20T16:46:12+00:00 ERROR Error persisting Meta logs: Cannot create the API instance because the access token is missing. : []
2025-08-20T16:46:12+00:00 ERROR Error persisting Meta logs: Cannot create the API instance because the access token is missing. : []
2025-08-20T16:52:23+00:00 ERROR Error persisting Meta logs: Cannot create the API instance because the access token is missing. : []
2025-08-20T16:52:23+00:00 ERROR Error persisting Meta logs: Cannot create the API instance because the access token is missing. : []
2025-08-20T16:54:57+00:00 ERROR Error persisting Meta logs: Cannot create the API instance because the access token is missing. : []
2025-08-20T16:54:57+00:00 ERROR Error persisting Meta logs: Cannot create the API instance because the access token is missing. : []
2025-08-20T17:02:14+00:00 ERROR Error persisting Meta logs: Cannot create the API instance because the access token is missing. : []
2025-08-20T17:02:14+00:00 ERROR Error persisting Meta logs: Cannot create the API instance because the access token is missing. : []
2025-08-20T17:09:33+00:00 ERROR Error persisting Meta logs: Cannot create the API instance because the access token is missing. : []
2025-08-20T17:09:33+00:00 ERROR Error persisting Meta logs: Cannot create the API instance because the access token is missing. : []
2025-08-20T17:11:05+00:00 ERROR Error persisting Meta logs: Cannot create the API instance because the access token is missing. : []
2025-08-20T17:11:05+00:00 ERROR Error persisting Meta logs: Cannot create the API instance because the access token is missing. : []
2025-08-20T17:15:09+00:00 ERROR Error persisting Meta logs: Cannot create the API instance because the access token is missing. : []
2025-08-20T17:15:09+00:00 ERROR Error persisting Meta logs: Cannot create the API instance because the access token is missing. : []
2025-08-20T17:22:15+00:00 ERROR Error persisting Meta logs: Cannot create the API instance because the access token is missing. : []
2025-08-20T17:22:15+00:00 ERROR Error persisting Meta logs: Cannot create the API instance because the access token is missing. : []
2025-08-20T17:42:30+00:00 ERROR Error persisting Meta logs: Cannot create the API instance because the access token is missing. : []
2025-08-20T17:42:30+00:00 ERROR Error persisting Meta logs: Cannot create the API instance because the access token is missing. : []
2025-08-20T17:43:08+00:00 WARNING Product feed scheduling failed: Integration not configured. : {"flow_name":"product_feed","flow_step":"schedule_feed_generation"}
2025-08-20T17:43:08+00:00 ERROR Error persisting error logs: Cannot create the API instance because the access token is missing. : []
2025-08-20T17:43:08+00:00 ERROR Error persisting Meta logs: Cannot create the API instance because the access token is missing. : []
2025-08-20T17:43:08+00:00 ERROR Error persisting Meta logs: Cannot create the API instance because the access token is missing. : []
2025-08-20T18:01:45+00:00 ERROR Error persisting Meta logs: Cannot create the API instance because the access token is missing. : []
2025-08-20T18:01:45+00:00 ERROR Error persisting Meta logs: Cannot create the API instance because the access token is missing. : []
2025-08-20T18:04:39+00:00 ERROR Error persisting Meta logs: Cannot create the API instance because the access token is missing. : []
2025-08-20T18:04:39+00:00 ERROR Error persisting Meta logs: Cannot create the API instance because the access token is missing. : []
2025-08-20T18:04:39+00:00 ERROR Error persisting Meta logs: Cannot create the API instance because the access token is missing. : []
2025-08-20T18:04:39+00:00 ERROR Error persisting Meta logs: Cannot create the API instance because the access token is missing. : []
2025-08-20T18:13:38+00:00 ERROR Error persisting Meta logs: Cannot create the API instance because the access token is missing. : []
2025-08-20T18:13:38+00:00 ERROR Error persisting Meta logs: Cannot create the API instance because the access token is missing. : []
2025-08-20T18:22:42+00:00 ERROR Error persisting Meta logs: Cannot create the API instance because the access token is missing. : []
2025-08-20T18:22:42+00:00 ERROR Error persisting Meta logs: Cannot create the API instance because the access token is missing. : []
2025-08-20T18:23:31+00:00 ERROR Error persisting Meta logs: Cannot create the API instance because the access token is missing. : []
2025-08-20T18:23:31+00:00 ERROR Error persisting Meta logs: Cannot create the API instance because the access token is missing. : []
2025-08-20T18:41:17+00:00 ERROR Error persisting Meta logs: Cannot create the API instance because the access token is missing. : []
2025-08-20T18:41:17+00:00 ERROR Error persisting Meta logs: Cannot create the API instance because the access token is missing. : []
2025-08-20T18:43:10+00:00 ERROR Error persisting Meta logs: Cannot create the API instance because the access token is missing. : []
2025-08-20T18:43:10+00:00 ERROR Error persisting Meta logs: Cannot create the API instance because the access token is missing. : []
2025-08-20T18:47:04+00:00 ERROR Error persisting Meta logs: Cannot create the API instance because the access token is missing. : []
2025-08-20T18:47:04+00:00 ERROR Error persisting Meta logs: Cannot create the API instance because the access token is missing. : []
2025-08-20T18:53:36+00:00 ERROR Error persisting Meta logs: Cannot create the API instance because the access token is missing. : []
2025-08-20T18:53:36+00:00 ERROR Error persisting Meta logs: Cannot create the API instance because the access token is missing. : []
2025-08-20T18:59:23+00:00 ERROR Error persisting Meta logs: Cannot create the API instance because the access token is missing. : []
2025-08-20T18:59:23+00:00 ERROR Error persisting Meta logs: Cannot create the API instance because the access token is missing. : []
2025-08-20T19:01:16+00:00 ERROR Error persisting Meta logs: Cannot create the API instance because the access token is missing. : []
2025-08-20T19:01:16+00:00 ERROR Error persisting Meta logs: Cannot create the API instance because the access token is missing. : []
2025-08-20T19:06:25+00:00 ERROR Error persisting Meta logs: Cannot create the API instance because the access token is missing. : []
2025-08-20T19:06:25+00:00 ERROR Error persisting Meta logs: Cannot create the API instance because the access token is missing. : []
2025-08-20T19:09:47+00:00 ERROR Error persisting Meta logs: Cannot create the API instance because the access token is missing. : []
2025-08-20T19:09:47+00:00 ERROR Error persisting Meta logs: Cannot create the API instance because the access token is missing. : []
2025-08-20T19:24:31+00:00 ERROR Error persisting Meta logs: Cannot create the API instance because the access token is missing. : []
2025-08-20T19:24:31+00:00 ERROR Error persisting Meta logs: Cannot create the API instance because the access token is missing. : []
2025-08-20T19:25:35+00:00 ERROR Error persisting Meta logs: Cannot create the API instance because the access token is missing. : []
2025-08-20T19:25:35+00:00 ERROR Error persisting Meta logs: Cannot create the API instance because the access token is missing. : []
2025-08-20T19:38:27+00:00 ERROR Error persisting Meta logs: Cannot create the API instance because the access token is missing. : []
2025-08-20T19:38:27+00:00 ERROR Error persisting Meta logs: Cannot create the API instance because the access token is missing. : []
2025-08-20T19:38:27+00:00 WARNING Product feed scheduling failed: Integration not configured. : {"flow_name":"product_feed","flow_step":"schedule_feed_generation"}
2025-08-20T19:41:21+00:00 ERROR Error persisting Meta logs: Cannot create the API instance because the access token is missing. : []
2025-08-20T19:41:21+00:00 ERROR Error persisting Meta logs: Cannot create the API instance because the access token is missing. : []
2025-08-20T19:57:09+00:00 ERROR Error persisting Meta logs: Cannot create the API instance because the access token is missing. : []
2025-08-20T19:57:09+00:00 ERROR Error persisting Meta logs: Cannot create the API instance because the access token is missing. : []
2025-08-20T20:13:32+00:00 ERROR Error persisting Meta logs: Cannot create the API instance because the access token is missing. : []
2025-08-20T20:13:32+00:00 ERROR Error persisting Meta logs: Cannot create the API instance because the access token is missing. : []
2025-08-20T20:23:31+00:00 ERROR Error persisting Meta logs: Cannot create the API instance because the access token is missing. : []
2025-08-20T20:23:31+00:00 ERROR Error persisting Meta logs: Cannot create the API instance because the access token is missing. : []
2025-08-20T20:24:31+00:00 ERROR Error persisting Meta logs: Cannot create the API instance because the access token is missing. : []
2025-08-20T20:24:31+00:00 ERROR Error persisting Meta logs: Cannot create the API instance because the access token is missing. : []
2025-08-20T20:34:41+00:00 ERROR Error persisting Meta logs: Cannot create the API instance because the access token is missing. : []
2025-08-20T20:34:41+00:00 ERROR Error persisting Meta logs: Cannot create the API instance because the access token is missing. : []
2025-08-20T20:44:26+00:00 ERROR Error persisting Meta logs: Cannot create the API instance because the access token is missing. : []
2025-08-20T20:44:26+00:00 ERROR Error persisting Meta logs: Cannot create the API instance because the access token is missing. : []
2025-08-20T20:51:45+00:00 ERROR Error persisting Meta logs: Cannot create the API instance because the access token is missing. : []
2025-08-20T20:51:45+00:00 ERROR Error persisting Meta logs: Cannot create the API instance because the access token is missing. : []
2025-08-20T20:56:21+00:00 ERROR Error persisting Meta logs: Cannot create the API instance because the access token is missing. : []
2025-08-20T20:56:21+00:00 ERROR Error persisting Meta logs: Cannot create the API instance because the access token is missing. : []
2025-08-20T20:56:21+00:00 ERROR Error persisting Meta logs: Cannot create the API instance because the access token is missing. : []
2025-08-20T20:56:21+00:00 ERROR Error persisting Meta logs: Cannot create the API instance because the access token is missing. : []
2025-08-20T21:06:07+00:00 ERROR Error persisting Meta logs: Cannot create the API instance because the access token is missing. : []
2025-08-20T21:06:07+00:00 ERROR Error persisting Meta logs: Cannot create the API instance because the access token is missing. : []
2025-08-20T21:08:17+00:00 ERROR Error persisting Meta logs: Cannot create the API instance because the access token is missing. : []
2025-08-20T21:08:17+00:00 ERROR Error persisting Meta logs: Cannot create the API instance because the access token is missing. : []
2025-08-20T21:08:51+00:00 ERROR Error persisting Meta logs: Cannot create the API instance because the access token is missing. : []
2025-08-20T21:08:51+00:00 ERROR Error persisting Meta logs: Cannot create the API instance because the access token is missing. : []
2025-08-20T21:16:45+00:00 ERROR Error persisting Meta logs: Cannot create the API instance because the access token is missing. : []
2025-08-20T21:16:45+00:00 ERROR Error persisting Meta logs: Cannot create the API instance because the access token is missing. : []
2025-08-20T21:19:08+00:00 ERROR Error persisting Meta logs: Cannot create the API instance because the access token is missing. : []
2025-08-20T21:19:08+00:00 ERROR Error persisting Meta logs: Cannot create the API instance because the access token is missing. : []
2025-08-20T21:25:30+00:00 ERROR Error persisting Meta logs: Cannot create the API instance because the access token is missing. : []
2025-08-20T21:25:30+00:00 ERROR Error persisting Meta logs: Cannot create the API instance because the access token is missing. : []
2025-08-20T21:31:58+00:00 ERROR Error persisting Meta logs: Cannot create the API instance because the access token is missing. : []
2025-08-20T21:31:58+00:00 ERROR Error persisting Meta logs: Cannot create the API instance because the access token is missing. : []
2025-08-20T21:32:52+00:00 WARNING Product feed scheduling failed: Integration not configured. : {"flow_name":"product_feed","flow_step":"schedule_feed_generation"}
2025-08-20T21:32:52+00:00 ERROR Error persisting error logs: Cannot create the API instance because the access token is missing. : []
2025-08-20T21:32:52+00:00 ERROR Error persisting Meta logs: Cannot create the API instance because the access token is missing. : []
2025-08-20T21:32:52+00:00 ERROR Error persisting Meta logs: Cannot create the API instance because the access token is missing. : []
2025-08-20T21:42:09+00:00 ERROR Error persisting Meta logs: Cannot create the API instance because the access token is missing. : []
2025-08-20T21:42:09+00:00 ERROR Error persisting Meta logs: Cannot create the API instance because the access token is missing. : []
2025-08-20T21:43:33+00:00 ERROR Error persisting Meta logs: Cannot create the API instance because the access token is missing. : []
2025-08-20T21:43:33+00:00 ERROR Error persisting Meta logs: Cannot create the API instance because the access token is missing. : []
2025-08-20T21:51:36+00:00 ERROR Error persisting Meta logs: Cannot create the API instance because the access token is missing. : []
2025-08-20T21:51:36+00:00 ERROR Error persisting Meta logs: Cannot create the API instance because the access token is missing. : []
2025-08-20T21:56:11+00:00 ERROR Error persisting Meta logs: Cannot create the API instance because the access token is missing. : []
2025-08-20T21:56:11+00:00 ERROR Error persisting Meta logs: Cannot create the API instance because the access token is missing. : []
2025-08-20T21:58:12+00:00 ERROR Error persisting Meta logs: Cannot create the API instance because the access token is missing. : []
2025-08-20T21:58:12+00:00 ERROR Error persisting Meta logs: Cannot create the API instance because the access token is missing. : []
2025-08-20T22:07:50+00:00 ERROR Error persisting Meta logs: Cannot create the API instance because the access token is missing. : []
2025-08-20T22:07:50+00:00 ERROR Error persisting Meta logs: Cannot create the API instance because the access token is missing. : []
2025-08-20T22:10:33+00:00 ERROR Error persisting Meta logs: Cannot create the API instance because the access token is missing. : []
2025-08-20T22:10:33+00:00 ERROR Error persisting Meta logs: Cannot create the API instance because the access token is missing. : []
2025-08-20T22:20:27+00:00 ERROR Error persisting Meta logs: Cannot create the API instance because the access token is missing. : []
2025-08-20T22:20:27+00:00 ERROR Error persisting Meta logs: Cannot create the API instance because the access token is missing. : []
2025-08-20T22:24:32+00:00 ERROR Error persisting Meta logs: Cannot create the API instance because the access token is missing. : []
2025-08-20T22:24:32+00:00 ERROR Error persisting Meta logs: Cannot create the API instance because the access token is missing. : []
2025-08-20T22:33:26+00:00 ERROR Error persisting Meta logs: Cannot create the API instance because the access token is missing. : []
2025-08-20T22:33:26+00:00 ERROR Error persisting Meta logs: Cannot create the API instance because the access token is missing. : []
2025-08-20T22:34:54+00:00 WARNING Product feed scheduling failed: Integration not configured. : {"flow_name":"product_feed","flow_step":"schedule_feed_generation"}
2025-08-20T22:34:54+00:00 ERROR Error persisting Meta logs: Cannot create the API instance because the access token is missing. : []
2025-08-20T22:34:54+00:00 ERROR Error persisting Meta logs: Cannot create the API instance because the access token is missing. : []
2025-08-20T22:40:11+00:00 ERROR Error persisting Meta logs: Cannot create the API instance because the access token is missing. : []
2025-08-20T22:40:11+00:00 ERROR Error persisting Meta logs: Cannot create the API instance because the access token is missing. : []
2025-08-20T22:45:44+00:00 ERROR Error persisting Meta logs: Cannot create the API instance because the access token is missing. : []
2025-08-20T22:45:44+00:00 ERROR Error persisting Meta logs: Cannot create the API instance because the access token is missing. : []
2025-08-20T22:48:42+00:00 ERROR Error persisting Meta logs: Cannot create the API instance because the access token is missing. : []
2025-08-20T22:48:42+00:00 ERROR Error persisting Meta logs: Cannot create the API instance because the access token is missing. : []
2025-08-20T22:56:33+00:00 ERROR Error persisting Meta logs: Cannot create the API instance because the access token is missing. : []
2025-08-20T22:56:33+00:00 ERROR Error persisting Meta logs: Cannot create the API instance because the access token is missing. : []
2025-08-20T23:00:37+00:00 ERROR Error persisting Meta logs: Cannot create the API instance because the access token is missing. : []
2025-08-20T23:00:37+00:00 ERROR Error persisting Meta logs: Cannot create the API instance because the access token is missing. : []
2025-08-20T23:04:28+00:00 ERROR Error persisting Meta logs: Cannot create the API instance because the access token is missing. : []
2025-08-20T23:04:28+00:00 ERROR Error persisting Meta logs: Cannot create the API instance because the access token is missing. : []
2025-08-20T23:08:04+00:00 ERROR Error persisting Meta logs: Cannot create the API instance because the access token is missing. : []
2025-08-20T23:08:04+00:00 ERROR Error persisting Meta logs: Cannot create the API instance because the access token is missing. : []
2025-08-20T23:12:35+00:00 ERROR Error persisting Meta logs: Cannot create the API instance because the access token is missing. : []
2025-08-20T23:12:35+00:00 ERROR Error persisting Meta logs: Cannot create the API instance because the access token is missing. : []
2025-08-20T23:21:06+00:00 ERROR Error persisting Meta logs: Cannot create the API instance because the access token is missing. : []
2025-08-20T23:21:06+00:00 ERROR Error persisting Meta logs: Cannot create the API instance because the access token is missing. : []
2025-08-20T23:25:29+00:00 ERROR Error persisting Meta logs: Cannot create the API instance because the access token is missing. : []
2025-08-20T23:25:29+00:00 ERROR Error persisting Meta logs: Cannot create the API instance because the access token is missing. : []
2025-08-20T23:30:18+00:00 ERROR Error persisting Meta logs: Cannot create the API instance because the access token is missing. : []
2025-08-20T23:30:18+00:00 ERROR Error persisting Meta logs: Cannot create the API instance because the access token is missing. : []
2025-08-20T23:34:10+00:00 ERROR Error persisting Meta logs: Cannot create the API instance because the access token is missing. : []
2025-08-20T23:34:10+00:00 ERROR Error persisting Meta logs: Cannot create the API instance because the access token is missing. : []
2025-08-20T23:45:15+00:00 ERROR Error persisting Meta logs: Cannot create the API instance because the access token is missing. : []
2025-08-20T23:45:15+00:00 ERROR Error persisting Meta logs: Cannot create the API instance because the access token is missing. : []
2025-08-20T23:45:56+00:00 ERROR Error persisting Meta logs: Cannot create the API instance because the access token is missing. : []
2025-08-20T23:45:56+00:00 ERROR Error persisting Meta logs: Cannot create the API instance because the access token is missing. : []
2025-08-20T23:47:58+00:00 ERROR Error persisting Meta logs: Cannot create the API instance because the access token is missing. : []
2025-08-20T23:47:58+00:00 ERROR Error persisting Meta logs: Cannot create the API instance because the access token is missing. : []
2025-08-20T23:55:47+00:00 ERROR Error persisting Meta logs: Cannot create the API instance because the access token is missing. : []
2025-08-20T23:55:47+00:00 ERROR Error persisting Meta logs: Cannot create the API instance because the access token is missing. : []
